2025-01-04 10:24:14,873 - user_microservice - INFO - Registraion request recived with user data first_name='string' last_name='string' phone=0 email='string' designation='string'
2025-01-04 10:26:03,700 - user_microservice - INFO - Registraion request recived with user data first_name='string' last_name='string' phone=0 email='string' designation='string'
2025-01-04 10:26:33,128 - user_microservice - ERROR - Failed to create record in table 'user_details': {'first_name': 'string', 'last_name': 'string', 'phone': 0, 'email': 'string', 'designation': 'string'}. Error: 'NoneType' object has no attribute 'error'
2025-01-04 10:26:33,129 - user_microservice - ERROR - Error during creating user registration.
2025-01-04 10:26:41,040 - user_microservice - INFO - Registraion request recived with user data first_name='string' last_name='string' phone=0 email='string' designation='string'
2025-01-04 10:32:26,390 - user_microservice - ERROR - Failed to create record in table 'user_details': {'first_name': 'string', 'last_name': 'string', 'phone': 0, 'email': 'string', 'designation': 'string'}. Error: 'NoneType' object has no attribute 'error'
2025-01-04 10:32:26,918 - user_microservice - ERROR - Error during creating user registration.
2025-01-04 13:40:58,093 - user_microservice - INFO - Registraion request recived with user data first_name='Shubham' last_name='Bhoilkar' phone=7045019544 email='sambhoilkar' designation='Developer'
2025-01-04 13:40:58,095 - user_microservice - INFO - Executing query: INSERT INTO user_details (first_name, last_name, phone, email, designation) VALUES (?, ?, ?, ?, ?) with params: ('Shubham', 'Bhoilkar', 7045019544, 'sambhoilkar', 'Developer')
2025-01-04 13:40:58,099 - user_microservice - ERROR - Query failed: INSERT INTO user_details (first_name, last_name, phone, email, designation) VALUES (?, ?, ?, ?, ?) with params: ('Shubham', 'Bhoilkar', 7045019544, 'sambhoilkar', 'Developer'). Error: ('01000', "[01000] [unixODBC][Driver Manager]Can't open lib 'MariaDB ODBC 3.1 Driver' : file not found (0) (SQLDriverConnect)")
2025-01-04 13:40:58,100 - user_microservice - ERROR - Failed to create record in table 'user_details': {'first_name': 'Shubham', 'last_name': 'Bhoilkar', 'phone': 7045019544, 'email': 'sambhoilkar', 'designation': 'Developer'}. Error: Database operation failed: ('01000', "[01000] [unixODBC][Driver Manager]Can't open lib 'MariaDB ODBC 3.1 Driver' : file not found (0) (SQLDriverConnect)")
2025-01-04 13:40:58,100 - user_microservice - ERROR - Error during creating user registration.
2025-01-04 13:41:01,949 - user_microservice - INFO - Registraion request recived with user data first_name='Shubham' last_name='Bhoilkar' phone=7045019544 email='sambhoilkar' designation='Developer'
2025-01-04 13:41:01,950 - user_microservice - INFO - Executing query: INSERT INTO user_details (first_name, last_name, phone, email, designation) VALUES (?, ?, ?, ?, ?) with params: ('Shubham', 'Bhoilkar', 7045019544, 'sambhoilkar', 'Developer')
2025-01-04 13:41:01,951 - user_microservice - ERROR - Query failed: INSERT INTO user_details (first_name, last_name, phone, email, designation) VALUES (?, ?, ?, ?, ?) with params: ('Shubham', 'Bhoilkar', 7045019544, 'sambhoilkar', 'Developer'). Error: ('01000', "[01000] [unixODBC][Driver Manager]Can't open lib 'MariaDB ODBC 3.1 Driver' : file not found (0) (SQLDriverConnect)")
2025-01-04 13:41:01,951 - user_microservice - ERROR - Failed to create record in table 'user_details': {'first_name': 'Shubham', 'last_name': 'Bhoilkar', 'phone': 7045019544, 'email': 'sambhoilkar', 'designation': 'Developer'}. Error: Database operation failed: ('01000', "[01000] [unixODBC][Driver Manager]Can't open lib 'MariaDB ODBC 3.1 Driver' : file not found (0) (SQLDriverConnect)")
2025-01-04 13:41:01,951 - user_microservice - ERROR - Error during creating user registration.
2025-01-04 13:42:20,180 - user_microservice - INFO - Registraion request recived with user data first_name='Shubham' last_name='Bhoilkar' phone=7045019544 email='sambhoilkar' designation='Developer'
2025-01-04 13:42:20,181 - user_microservice - INFO - Executing query: INSERT INTO user_details (first_name, last_name, phone, email, designation) VALUES (?, ?, ?, ?, ?) with params: ('Shubham', 'Bhoilkar', 7045019544, 'sambhoilkar', 'Developer')
2025-01-04 13:42:20,182 - user_microservice - ERROR - Query failed: INSERT INTO user_details (first_name, last_name, phone, email, designation) VALUES (?, ?, ?, ?, ?) with params: ('Shubham', 'Bhoilkar', 7045019544, 'sambhoilkar', 'Developer'). Error: ('01000', "[01000] [unixODBC][Driver Manager]Can't open lib 'MariaDB ODBC 3.1 Driver' : file not found (0) (SQLDriverConnect)")
2025-01-04 13:42:20,183 - user_microservice - ERROR - Failed to create record in table 'user_details': {'first_name': 'Shubham', 'last_name': 'Bhoilkar', 'phone': 7045019544, 'email': 'sambhoilkar', 'designation': 'Developer'}. Error: Database operation failed: ('01000', "[01000] [unixODBC][Driver Manager]Can't open lib 'MariaDB ODBC 3.1 Driver' : file not found (0) (SQLDriverConnect)")
2025-01-04 13:42:20,183 - user_microservice - ERROR - Error during creating user registration.
2025-01-04 13:42:36,681 - user_microservice - INFO - Registraion request recived with user data first_name='Shubham' last_name='Bhoilkar' phone=7045019544 email='sambhoilkar' designation='Developer'
2025-01-04 13:42:36,682 - user_microservice - INFO - Executing query: INSERT INTO user_details (first_name, last_name, phone, email, designation) VALUES (?, ?, ?, ?, ?) with params: ('Shubham', 'Bhoilkar', 7045019544, 'sambhoilkar', 'Developer')
2025-01-04 13:42:36,683 - user_microservice - ERROR - Query failed: INSERT INTO user_details (first_name, last_name, phone, email, designation) VALUES (?, ?, ?, ?, ?) with params: ('Shubham', 'Bhoilkar', 7045019544, 'sambhoilkar', 'Developer'). Error: ('01000', "[01000] [unixODBC][Driver Manager]Can't open lib 'MariaDB ODBC 3.1 Driver' : file not found (0) (SQLDriverConnect)")
2025-01-04 13:42:36,683 - user_microservice - ERROR - Failed to create record in table 'user_details': {'first_name': 'Shubham', 'last_name': 'Bhoilkar', 'phone': 7045019544, 'email': 'sambhoilkar', 'designation': 'Developer'}. Error: Database operation failed: ('01000', "[01000] [unixODBC][Driver Manager]Can't open lib 'MariaDB ODBC 3.1 Driver' : file not found (0) (SQLDriverConnect)")
2025-01-04 13:42:36,684 - user_microservice - ERROR - Error during creating user registration.
2025-01-04 13:46:17,624 - user_microservice - INFO - Registraion request recived with user data first_name='Shubham' last_name='Bhoilkar' phone=7045019544 email='sambhoilkar' designation='Developer'
2025-01-04 13:46:17,625 - user_microservice - INFO - Executing query: INSERT INTO user_details (first_name, last_name, phone, email, designation) VALUES (?, ?, ?, ?, ?) with params: ('Shubham', 'Bhoilkar', 7045019544, 'sambhoilkar', 'Developer')
2025-01-04 13:46:17,626 - user_microservice - ERROR - Query failed: INSERT INTO user_details (first_name, last_name, phone, email, designation) VALUES (?, ?, ?, ?, ?) with params: ('Shubham', 'Bhoilkar', 7045019544, 'sambhoilkar', 'Developer'). Error: ('01000', "[01000] [unixODBC][Driver Manager]Can't open lib 'MariaDB ODBC 3.1 Driver' : file not found (0) (SQLDriverConnect)")
2025-01-04 13:46:17,626 - user_microservice - ERROR - Failed to create record in table 'user_details': {'first_name': 'Shubham', 'last_name': 'Bhoilkar', 'phone': 7045019544, 'email': 'sambhoilkar', 'designation': 'Developer'}. Error: Database operation failed: ('01000', "[01000] [unixODBC][Driver Manager]Can't open lib 'MariaDB ODBC 3.1 Driver' : file not found (0) (SQLDriverConnect)")
2025-01-04 13:46:17,626 - user_microservice - ERROR - Error during creating user registration.
2025-01-04 13:54:32,345 - user_microservice - INFO - Data view request by user: 9
2025-01-04 13:54:32,345 - user_microservice - ERROR - Error retrieving user information: 'int' object has no attribute 'user_id'
2025-01-04 13:57:22,255 - user_microservice - INFO - Data view request by user: 9
2025-01-04 13:57:22,256 - user_microservice - ERROR - Error retrieving user information: 'int' object has no attribute 'user_id'
2025-01-06 06:08:15,441 - user_microservice - INFO - Registraion request recived with user data first_name='string' last_name='string' phone=0 email='string' designation='string'
2025-01-06 06:08:22,400 - user_microservice - INFO - Executing query: INSERT INTO user_details (first_name, last_name, phone, email, designation) VALUES (?, ?, ?, ?, ?) with params: ('string', 'string', 0, 'string', 'string')
2025-01-06 06:08:22,405 - user_microservice - ERROR - Query failed: INSERT INTO user_details (first_name, last_name, phone, email, designation) VALUES (?, ?, ?, ?, ?) with params: ('string', 'string', 0, 'string', 'string'). Error: ('01000', "[01000] [unixODBC][Driver Manager]Can't open lib 'MariaDB ODBC 3.1 Driver' : file not found (0) (SQLDriverConnect)")
2025-01-06 06:08:22,406 - user_microservice - ERROR - Failed to create record in table 'user_details': {'first_name': 'string', 'last_name': 'string', 'phone': 0, 'email': 'string', 'designation': 'string'}. Error: Database operation failed: ('01000', "[01000] [unixODBC][Driver Manager]Can't open lib 'MariaDB ODBC 3.1 Driver' : file not found (0) (SQLDriverConnect)")
2025-01-06 06:09:10,127 - user_microservice - ERROR - Error during creating user registration.
2025-01-06 06:10:12,112 - user_microservice - INFO - Registraion request recived with user data first_name='string' last_name='string' phone=0 email='string' designation='string'
2025-01-06 06:10:12,112 - user_microservice - INFO - Executing query: INSERT INTO user_details (first_name, last_name, phone, email, designation) VALUES (?, ?, ?, ?, ?) with params: ('string', 'string', 0, 'string', 'string')
2025-01-06 06:10:12,113 - user_microservice - ERROR - Query failed: INSERT INTO user_details (first_name, last_name, phone, email, designation) VALUES (?, ?, ?, ?, ?) with params: ('string', 'string', 0, 'string', 'string'). Error: ('01000', "[01000] [unixODBC][Driver Manager]Can't open lib 'MariaDB ODBC 3.1 Driver' : file not found (0) (SQLDriverConnect)")
2025-01-06 06:10:12,113 - user_microservice - ERROR - Failed to create record in table 'user_details': {'first_name': 'string', 'last_name': 'string', 'phone': 0, 'email': 'string', 'designation': 'string'}. Error: Database operation failed: ('01000', "[01000] [unixODBC][Driver Manager]Can't open lib 'MariaDB ODBC 3.1 Driver' : file not found (0) (SQLDriverConnect)")
2025-01-06 06:10:12,113 - user_microservice - ERROR - Error during creating user registration.
2025-01-06 06:15:00,207 - user_microservice - INFO - Registraion request recived with user data first_name='sam' last_name='Bhoilkar' phone=99 email='sam@99' designation='AI'
2025-01-06 06:15:00,207 - user_microservice - INFO - Executing query: INSERT INTO user_details (first_name, last_name, phone, email, designation) VALUES (?, ?, ?, ?, ?) with params: ('sam', 'Bhoilkar', 99, 'sam@99', 'AI')
2025-01-06 06:15:00,208 - user_microservice - ERROR - Query failed: INSERT INTO user_details (first_name, last_name, phone, email, designation) VALUES (?, ?, ?, ?, ?) with params: ('sam', 'Bhoilkar', 99, 'sam@99', 'AI'). Error: ('01000', "[01000] [unixODBC][Driver Manager]Can't open lib 'MariaDB ODBC 3.1 Driver' : file not found (0) (SQLDriverConnect)")
2025-01-06 06:15:00,208 - user_microservice - ERROR - Failed to create record in table 'user_details': {'first_name': 'sam', 'last_name': 'Bhoilkar', 'phone': 99, 'email': 'sam@99', 'designation': 'AI'}. Error: Database operation failed: ('01000', "[01000] [unixODBC][Driver Manager]Can't open lib 'MariaDB ODBC 3.1 Driver' : file not found (0) (SQLDriverConnect)")
2025-01-06 06:15:00,208 - user_microservice - ERROR - Error during creating user registration.
2025-01-06 06:54:19,128 - user_microservice - INFO - Registraion request recived with user data first_name='sam' last_name='Bhoilkar' phone=99 email='sam@99' designation='AI'
2025-01-06 06:54:19,128 - user_microservice - INFO - Executing query: INSERT INTO user_details (first_name, last_name, phone, email, designation) VALUES (?, ?, ?, ?, ?) with params: ('sam', 'Bhoilkar', 99, 'sam@99', 'AI')
2025-01-06 06:54:19,128 - user_microservice - ERROR - Query failed: INSERT INTO user_details (first_name, last_name, phone, email, designation) VALUES (?, ?, ?, ?, ?) with params: ('sam', 'Bhoilkar', 99, 'sam@99', 'AI'). Error: ('01000', "[01000] [unixODBC][Driver Manager]Can't open lib 'MariaDB ODBC 3.1 Driver' : file not found (0) (SQLDriverConnect)")
2025-01-06 06:54:19,129 - user_microservice - ERROR - Failed to create record in table 'user_details': {'first_name': 'sam', 'last_name': 'Bhoilkar', 'phone': 99, 'email': 'sam@99', 'designation': 'AI'}. Error: Database operation failed: ('01000', "[01000] [unixODBC][Driver Manager]Can't open lib 'MariaDB ODBC 3.1 Driver' : file not found (0) (SQLDriverConnect)")
2025-01-06 06:54:19,129 - user_microservice - ERROR - Error during creating user registration.
2025-01-06 07:02:35,282 - user_microservice - INFO - Registraion request recived with user data first_name='shubham' last_name='Bhoilkar' phone=9601 email='sam@99' designation='AI'
2025-01-06 07:02:35,282 - user_microservice - INFO - Executing query: INSERT INTO user_details (first_name, last_name, phone, email, designation) VALUES (?, ?, ?, ?, ?) with params: ('shubham', 'Bhoilkar', 9601, 'sam@99', 'AI')
2025-01-06 07:02:35,283 - user_microservice - ERROR - Query failed: INSERT INTO user_details (first_name, last_name, phone, email, designation) VALUES (?, ?, ?, ?, ?) with params: ('shubham', 'Bhoilkar', 9601, 'sam@99', 'AI'). Error: ('01000', "[01000] [unixODBC][Driver Manager]Can't open lib 'MariaDB ODBC 3.1 Driver' : file not found (0) (SQLDriverConnect)")
2025-01-06 07:02:35,283 - user_microservice - ERROR - Failed to create record in table 'user_details': {'first_name': 'shubham', 'last_name': 'Bhoilkar', 'phone': 9601, 'email': 'sam@99', 'designation': 'AI'}. Error: Database operation failed: ('01000', "[01000] [unixODBC][Driver Manager]Can't open lib 'MariaDB ODBC 3.1 Driver' : file not found (0) (SQLDriverConnect)")
2025-01-06 07:02:35,283 - user_microservice - ERROR - Error during creating user registration.
2025-01-06 07:07:31,267 - user_microservice - INFO - Registraion request recived with user data first_name='Shubham' last_name='BHoilkar' phone=9601 email='sam@99' designation='Developer'
2025-01-06 07:07:31,267 - user_microservice - INFO - Executing query: INSERT INTO user_details (first_name, last_name, phone, email, designation) VALUES (?, ?, ?, ?, ?) with params: ('Shubham', 'BHoilkar', 9601, 'sam@99', 'Developer')
2025-01-06 07:07:31,268 - user_microservice - ERROR - Query failed: INSERT INTO user_details (first_name, last_name, phone, email, designation) VALUES (?, ?, ?, ?, ?) with params: ('Shubham', 'BHoilkar', 9601, 'sam@99', 'Developer'). Error: ('01000', "[01000] [unixODBC][Driver Manager]Can't open lib 'MariaDB ODBC 3.1 Driver' : file not found (0) (SQLDriverConnect)")
2025-01-06 07:07:31,268 - user_microservice - ERROR - Failed to create record in table 'user_details': {'first_name': 'Shubham', 'last_name': 'BHoilkar', 'phone': 9601, 'email': 'sam@99', 'designation': 'Developer'}. Error: Database operation failed: ('01000', "[01000] [unixODBC][Driver Manager]Can't open lib 'MariaDB ODBC 3.1 Driver' : file not found (0) (SQLDriverConnect)")
2025-01-06 07:07:31,268 - user_microservice - ERROR - Error during creating user registration.Database operation failed: ('01000', "[01000] [unixODBC][Driver Manager]Can't open lib 'MariaDB ODBC 3.1 Driver' : file not found (0) (SQLDriverConnect)")
2025-01-06 07:12:27,712 - user_microservice - INFO - Registraion request recived with user data first_name='Shubham' last_name='Bhoilkar' phone=9921 email='sam@9921' designation='AI_developer'
2025-01-06 07:12:27,713 - user_microservice - INFO - Executing query: INSERT INTO user_details (first_name, last_name, phone, email, designation) VALUES (?, ?, ?, ?, ?) with params: ('Shubham', 'Bhoilkar', 9921, 'sam@9921', 'AI_developer')
2025-01-06 07:12:27,716 - user_microservice - ERROR - Query failed: INSERT INTO user_details (first_name, last_name, phone, email, designation) VALUES (?, ?, ?, ?, ?) with params: ('Shubham', 'Bhoilkar', 9921, 'sam@9921', 'AI_developer'). Error: ('01000', "[01000] [unixODBC][Driver Manager]Can't open lib 'MariaDB ODBC 3.1 Driver' : file not found (0) (SQLDriverConnect)")
2025-01-06 07:12:27,716 - user_microservice - ERROR - Failed to create record in table 'user_details': {'first_name': 'Shubham', 'last_name': 'Bhoilkar', 'phone': 9921, 'email': 'sam@9921', 'designation': 'AI_developer'}. Error: Database operation failed: ('01000', "[01000] [unixODBC][Driver Manager]Can't open lib 'MariaDB ODBC 3.1 Driver' : file not found (0) (SQLDriverConnect)")
2025-01-06 07:12:27,716 - user_microservice - ERROR - Error during creating user registration.Database operation failed: ('01000', "[01000] [unixODBC][Driver Manager]Can't open lib 'MariaDB ODBC 3.1 Driver' : file not found (0) (SQLDriverConnect)")
2025-01-06 07:21:12,596 - user_microservice - INFO - Registraion request recived with user data first_name='Shubham' last_name='Bhoilkar' phone=9921 email='sam@9921' designation='AI_developer'
2025-01-06 07:23:38,238 - user_microservice - INFO - Executing query: INSERT INTO user_details (first_name, last_name, phone, email, designation) VALUES (?, ?, ?, ?, ?) with params: ('Shubham', 'Bhoilkar', 9921, 'sam@9921', 'AI_developer')
2025-01-06 07:23:38,240 - user_microservice - ERROR - Query failed: INSERT INTO user_details (first_name, last_name, phone, email, designation) VALUES (?, ?, ?, ?, ?) with params: ('Shubham', 'Bhoilkar', 9921, 'sam@9921', 'AI_developer'). Error: ('01000', "[01000] [unixODBC][Driver Manager]Can't open lib 'MariaDB ODBC 3.1 Driver' : file not found (0) (SQLDriverConnect)")
2025-01-06 07:23:38,241 - user_microservice - ERROR - Failed to create record in table 'user_details': {'first_name': 'Shubham', 'last_name': 'Bhoilkar', 'phone': 9921, 'email': 'sam@9921', 'designation': 'AI_developer'}. Error: Database operation failed: ('01000', "[01000] [unixODBC][Driver Manager]Can't open lib 'MariaDB ODBC 3.1 Driver' : file not found (0) (SQLDriverConnect)")
2025-01-06 07:23:53,285 - user_microservice - ERROR - Error during creating user registration.Database operation failed: ('01000', "[01000] [unixODBC][Driver Manager]Can't open lib 'MariaDB ODBC 3.1 Driver' : file not found (0) (SQLDriverConnect)")
2025-01-06 07:32:45,307 - user_microservice - INFO - Registraion request recived with user data first_name='Shubham' last_name='Bhoilkar' phone=9921 email='sam@9921' designation='AI_developer'
2025-01-06 07:33:31,836 - user_microservice - INFO - Executing query: INSERT INTO user_details (first_name, last_name, phone, email, designation) VALUES (?, ?, ?, ?, ?) with params: ('Shubham', 'Bhoilkar', 9921, 'sam@9921', 'AI_developer')
2025-01-06 07:33:31,837 - user_microservice - ERROR - Query failed: INSERT INTO user_details (first_name, last_name, phone, email, designation) VALUES (?, ?, ?, ?, ?) with params: ('Shubham', 'Bhoilkar', 9921, 'sam@9921', 'AI_developer'). Error: ('01000', "[01000] [unixODBC][Driver Manager]Can't open lib 'MariaDB ODBC 3.1 Driver' : file not found (0) (SQLDriverConnect)")
2025-01-06 07:33:31,838 - user_microservice - ERROR - Failed to create record in table 'user_details': {'first_name': 'Shubham', 'last_name': 'Bhoilkar', 'phone': 9921, 'email': 'sam@9921', 'designation': 'AI_developer'}. Error: Database operation failed: ('01000', "[01000] [unixODBC][Driver Manager]Can't open lib 'MariaDB ODBC 3.1 Driver' : file not found (0) (SQLDriverConnect)")
2025-01-06 07:33:31,838 - user_microservice - ERROR - Error during creating user registration.Database operation failed: ('01000', "[01000] [unixODBC][Driver Manager]Can't open lib 'MariaDB ODBC 3.1 Driver' : file not found (0) (SQLDriverConnect)")
2025-01-06 07:52:37,404 - user_microservice - INFO - Registraion request recived with user data first_name='Shubham' last_name='Bhoilkar' phone=9921 email='sam@99' designation='AI_developer'
2025-01-06 07:53:40,735 - user_microservice - INFO - Executing query: INSERT INTO user_details (first_name, last_name, phone, email, designation) VALUES (?, ?, ?, ?, ?) with params: ('Shubham', 'Bhoilkar', 9921, 'sam@99', 'AI_developer')
2025-01-06 07:53:40,736 - user_microservice - ERROR - Query failed: INSERT INTO user_details (first_name, last_name, phone, email, designation) VALUES (?, ?, ?, ?, ?) with params: ('Shubham', 'Bhoilkar', 9921, 'sam@99', 'AI_developer'). Error: ('01000', "[01000] [unixODBC][Driver Manager]Can't open lib 'MariaDB ODBC 3.1 Driver' : file not found (0) (SQLDriverConnect)")
2025-01-06 07:53:40,736 - user_microservice - ERROR - Failed to create record in table 'user_details': {'first_name': 'Shubham', 'last_name': 'Bhoilkar', 'phone': 9921, 'email': 'sam@99', 'designation': 'AI_developer'}. Error: Database operation failed: ('01000', "[01000] [unixODBC][Driver Manager]Can't open lib 'MariaDB ODBC 3.1 Driver' : file not found (0) (SQLDriverConnect)")
2025-01-06 07:53:43,833 - user_microservice - ERROR - Error during creating user registration.Database operation failed: ('01000', "[01000] [unixODBC][Driver Manager]Can't open lib 'MariaDB ODBC 3.1 Driver' : file not found (0) (SQLDriverConnect)")
2025-01-06 07:54:25,733 - user_microservice - INFO - Registraion request recived with user data first_name='Shubham' last_name='Bhoilkar' phone=9921 email='sam@99' designation='AI_developer'
2025-01-06 07:54:50,050 - user_microservice - INFO - Executing query: INSERT INTO user_details (first_name, last_name, phone, email, designation) VALUES (?, ?, ?, ?, ?) with params: ('Shubham', 'Bhoilkar', 9921, 'sam@99', 'AI_developer')
2025-01-06 07:54:50,054 - user_microservice - ERROR - Query failed: INSERT INTO user_details (first_name, last_name, phone, email, designation) VALUES (?, ?, ?, ?, ?) with params: ('Shubham', 'Bhoilkar', 9921, 'sam@99', 'AI_developer'). Error: ('01000', "[01000] [unixODBC][Driver Manager]Can't open lib 'MariaDB ODBC 3.1 Driver' : file not found (0) (SQLDriverConnect)")
2025-01-06 07:56:17,109 - user_microservice - ERROR - Failed to create record in table 'user_details': {'first_name': 'Shubham', 'last_name': 'Bhoilkar', 'phone': 9921, 'email': 'sam@99', 'designation': 'AI_developer'}. Error: Database operation failed: ('01000', "[01000] [unixODBC][Driver Manager]Can't open lib 'MariaDB ODBC 3.1 Driver' : file not found (0) (SQLDriverConnect)")
2025-01-06 07:56:17,168 - user_microservice - ERROR - Error during creating user registration.Database operation failed: ('01000', "[01000] [unixODBC][Driver Manager]Can't open lib 'MariaDB ODBC 3.1 Driver' : file not found (0) (SQLDriverConnect)")
2025-01-06 08:01:07,269 - user_microservice - INFO - Registraion request recived with user data first_name='Shubham' last_name='Bhoilkar' phone=9921 email='sam@9921' designation='AI_developer'
2025-01-06 08:01:07,270 - user_microservice - INFO - Executing query: INSERT INTO user_details (first_name, last_name, phone, email, designation) VALUES (?, ?, ?, ?, ?) with params: ('Shubham', 'Bhoilkar', 9921, 'sam@9921', 'AI_developer')
2025-01-06 08:01:07,270 - user_microservice - ERROR - Query failed: INSERT INTO user_details (first_name, last_name, phone, email, designation) VALUES (?, ?, ?, ?, ?) with params: ('Shubham', 'Bhoilkar', 9921, 'sam@9921', 'AI_developer'). Error: ('01000', "[01000] [unixODBC][Driver Manager]Can't open lib 'MariaDB ODBC 3.1 Driver' : file not found (0) (SQLDriverConnect)")
2025-01-06 08:01:07,271 - user_microservice - ERROR - Failed to create record in table 'user_details': {'first_name': 'Shubham', 'last_name': 'Bhoilkar', 'phone': 9921, 'email': 'sam@9921', 'designation': 'AI_developer'}. Error: Database operation failed: ('01000', "[01000] [unixODBC][Driver Manager]Can't open lib 'MariaDB ODBC 3.1 Driver' : file not found (0) (SQLDriverConnect)")
2025-01-06 08:01:07,271 - user_microservice - ERROR - Error during creating user registration.Database operation failed: ('01000', "[01000] [unixODBC][Driver Manager]Can't open lib 'MariaDB ODBC 3.1 Driver' : file not found (0) (SQLDriverConnect)")
2025-01-06 08:05:35,074 - user_microservice - INFO - Registraion request recived with user data first_name='Shubham' last_name='Bhoilkar' phone=9921 email='sam@9921' designation='AI_developer'
2025-01-06 08:05:46,050 - user_microservice - INFO - Executing query: INSERT INTO user_details (first_name, last_name, phone, email, designation) VALUES (?, ?, ?, ?, ?) with params: ('Shubham', 'Bhoilkar', 9921, 'sam@9921', 'AI_developer')
2025-01-06 08:05:46,052 - user_microservice - ERROR - Query failed: INSERT INTO user_details (first_name, last_name, phone, email, designation) VALUES (?, ?, ?, ?, ?) with params: ('Shubham', 'Bhoilkar', 9921, 'sam@9921', 'AI_developer'). Error: ('01000', "[01000] [unixODBC][Driver Manager]Can't open lib 'MariaDB ODBC 3.1 Driver' : file not found (0) (SQLDriverConnect)")
2025-01-06 08:07:46,156 - user_microservice - INFO - Registraion request recived with user data first_name='Shubham' last_name='Bhoilkar' phone=9921 email='sam@9921' designation='AI_developer'
2025-01-06 08:08:05,258 - user_microservice - ERROR - Failed to create record in table 'user_details': {'first_name': 'Shubham', 'last_name': 'Bhoilkar', 'phone': 9921, 'email': 'sam@9921', 'designation': 'AI_developer'}. Error: sequence item 2: expected str instance, int found
2025-01-06 08:08:07,114 - user_microservice - ERROR - Error during creating user registration.sequence item 2: expected str instance, int found
2025-01-06 08:08:17,780 - user_microservice - INFO - Registraion request recived with user data first_name='Shubham' last_name='Bhoilkar' phone=9921 email='sam@9921' designation='AI_developer'
2025-01-06 08:08:27,843 - user_microservice - ERROR - Failed to create record in table 'user_details': {'first_name': 'Shubham', 'last_name': 'Bhoilkar', 'phone': 9921, 'email': 'sam@9921', 'designation': 'AI_developer'}. Error: sequence item 2: expected str instance, int found
2025-01-06 08:08:31,573 - user_microservice - ERROR - Error during creating user registration.sequence item 2: expected str instance, int found
2025-01-06 08:10:59,248 - user_microservice - INFO - Registraion request recived with user data first_name='Shubham' last_name='Bhoilkar' phone=7045019544 email='sam@99' designation='AI Developer'
2025-01-06 08:10:59,249 - user_microservice - ERROR - Failed to create record in table 'user_details': {'first_name': 'Shubham', 'last_name': 'Bhoilkar', 'phone': 7045019544, 'email': 'sam@99', 'designation': 'AI Developer'}. Error: sequence item 2: expected str instance, int found
2025-01-06 08:10:59,249 - user_microservice - ERROR - Error during creating user registration.sequence item 2: expected str instance, int found
2025-01-06 09:21:07,660 - user_microservice - INFO - Data view request by user: 1
2025-01-06 09:21:07,660 - user_microservice - ERROR - Error retrieving user information: 'int' object has no attribute 'user_id'
2025-01-06 09:22:13,388 - user_microservice - INFO - Data view request by user: 1
2025-01-06 09:22:13,389 - user_microservice - ERROR - Error retrieving user information: 'int' object has no attribute 'user_id'
2025-01-06 09:24:41,230 - user_microservice - INFO - Data view request by user: 1
2025-01-06 09:24:41,232 - user_microservice - ERROR - Error retrieving user information: 'int' object has no attribute 'user_id'
2025-01-06 09:25:34,672 - user_microservice - INFO - Data view request by user: 1
2025-01-06 09:25:34,672 - user_microservice - ERROR - Error retrieving user information: 'int' object has no attribute 'user_id'
2025-01-06 09:26:40,819 - user_microservice - INFO - Data view request by user: 1
2025-01-06 09:26:46,768 - user_microservice - ERROR - Error retrieving user information: 'int' object has no attribute 'user_id'
2025-01-06 09:27:52,462 - user_microservice - INFO - Data view request by user: 1
2025-01-06 09:29:16,898 - user_microservice - INFO - Data view request by user: 1
2025-01-06 09:29:23,502 - user_microservice - ERROR - Error retrieving user information: 'int' object has no attribute 'user_id'
2025-01-06 09:31:34,347 - user_microservice - INFO - Data view request by user: 1
2025-01-06 09:32:35,739 - user_microservice - INFO - Reading records from table 'user_details' with filters: {'user_id': 1}
2025-01-06 09:32:35,739 - user_microservice - ERROR - Failed to read records from table 'user_details' with filters: {'user_id': 1}. Error: 'NoneType' object has no attribute 'error'
2025-01-06 09:32:42,278 - user_microservice - ERROR - Error retrieving user information: 'int' object has no attribute 'user_id'
2025-01-06 09:36:15,611 - user_microservice - INFO - User data update request received by user: first_name='Shubham' last_name='Bhoilkar' phone=9 email='sam@9601' designation='Developer'
2025-01-06 09:36:15,612 - user_microservice - ERROR - Error during updating user details.
2025-01-06 09:37:18,766 - user_microservice - INFO - User data update request received by user: first_name='Shubham' last_name='Bhoilkar' phone=9 email='sam@9601' designation='Developer'
2025-01-06 09:37:50,328 - user_microservice - ERROR - Error during updating user details.
2025-01-06 09:38:58,680 - user_microservice - INFO - User data update request received by user: first_name='string' last_name='string' phone=0 email='string' designation='string'
2025-01-06 09:39:08,383 - user_microservice - ERROR - Error during updating user details.
2025-01-06 09:44:43,046 - user_microservice - INFO - User data update request received by user: first_name='Shubham' last_name='Bhiolkar' phone=9921 email='sam@9921' designation='AI_Devloper'
2025-01-06 09:45:04,081 - user_microservice - ERROR - Failed to create record in table 'user_details': {'first_name': 'Shubham', 'last_name': 'Bhiolkar', 'phone': 9921, 'email': 'sam@9921', 'designation': 'AI_Devloper'}. Error: sequence item 2: expected str instance, int found
2025-01-06 09:45:21,063 - user_microservice - ERROR - Error during updating user details.
2025-01-06 09:57:06,581 - user_microservice - INFO - User data update request received by user: first_name='Shubham' last_name='Bhiolkar' phone=9921 email='sam@9921' designation='AI_Devloper'
2025-01-06 09:57:26,680 - user_microservice - ERROR - Error during updating user details.
2025-01-06 09:58:34,956 - user_microservice - INFO - User data delete request received by user id: 1
2025-01-06 09:58:34,957 - user_microservice - ERROR - Failed to delete record from table 'user' with filters: {'user_id': 1}. Error: 'NoneType' object has no attribute 'error'
2025-01-06 09:58:34,957 - user_microservice - ERROR - Error in delete_user_logic for user_id 1: 'NoneType' object has no attribute 'error'
2025-01-06 09:58:38,745 - user_microservice - ERROR - Error deleting user with user_id 1: 'NoneType' object has no attribute 'error'
2025-01-06 09:59:18,570 - user_microservice - INFO - User data delete request received by user id: 1
2025-01-06 10:00:51,622 - user_microservice - ERROR - Failed to delete record from table 'user' with filters: {'user_id': 1}. Error: 'NoneType' object has no attribute 'error'
2025-01-06 10:00:51,623 - user_microservice - ERROR - Error in delete_user_logic for user_id 1: 'NoneType' object has no attribute 'error'
2025-01-06 10:00:51,623 - user_microservice - ERROR - Error deleting user with user_id 1: 'NoneType' object has no attribute 'error'
2025-01-06 10:01:07,086 - user_microservice - INFO - User data delete request received by user id: 1
2025-01-06 10:02:21,791 - user_microservice - INFO - User data delete request received by user id: 1
2025-01-06 10:07:28,655 - user_microservice - ERROR - Failed to delete record from table 'user_details' with filters: {'user_id': 1}. Error: 'NoneType' object has no attribute 'error'
2025-01-06 10:07:29,728 - user_microservice - ERROR - Error in delete_user_logic for user_id 1: 'NoneType' object has no attribute 'error'
2025-01-06 10:07:29,729 - user_microservice - ERROR - Error deleting user with user_id 1: 'NoneType' object has no attribute 'error'
